<?xml version="1.0" encoding="UTF-8"?>
<coverage generated="1701832785401" clover="3.2.0">
  <project timestamp="1701832785401" name="All files">
    <metrics statements="80" coveredstatements="56" conditionals="15" coveredconditionals="6" methods="18" coveredmethods="11" elements="113" coveredelements="73" complexity="0" loc="80" ncloc="80" packages="1" files="3" classes="3"/>
    <file name="MovieGrid.tsx" path="C:\_Laboratoria\linnkki-Movie-Challenge-React\src\components\MovieGrid.tsx">
      <metrics statements="38" coveredstatements="27" conditionals="8" coveredconditionals="4" methods="7" coveredmethods="4"/>
      <line num="3" count="1" type="stmt"/>
      <line num="4" count="1" type="stmt"/>
      <line num="5" count="1" type="stmt"/>
      <line num="6" count="1" type="stmt"/>
      <line num="7" count="1" type="stmt"/>
      <line num="9" count="1" type="stmt"/>
      <line num="11" count="1" type="stmt"/>
      <line num="12" count="2" type="stmt"/>
      <line num="13" count="2" type="stmt"/>
      <line num="14" count="2" type="stmt"/>
      <line num="15" count="2" type="stmt"/>
      <line num="16" count="2" type="stmt"/>
      <line num="17" count="2" type="stmt"/>
      <line num="19" count="2" type="cond" truecount="0" falsecount="1"/>
      <line num="20" count="2" type="stmt"/>
      <line num="21" count="2" type="stmt"/>
      <line num="27" count="2" type="stmt"/>
      <line num="28" count="2" type="stmt"/>
      <line num="34" count="0" type="stmt"/>
      <line num="35" count="0" type="stmt"/>
      <line num="37" count="0" type="stmt"/>
      <line num="40" count="0" type="stmt"/>
      <line num="44" count="2" type="stmt"/>
      <line num="45" count="1" type="stmt"/>
      <line num="48" count="2" type="stmt"/>
      <line num="49" count="0" type="stmt"/>
      <line num="52" count="2" type="stmt"/>
      <line num="53" count="0" type="stmt"/>
      <line num="54" count="0" type="stmt"/>
      <line num="55" count="0" type="stmt"/>
      <line num="56" count="0" type="stmt"/>
      <line num="59" count="2" type="stmt"/>
      <line num="60" count="1" type="cond" truecount="2" falsecount="1"/>
      <line num="61" count="0" type="stmt"/>
      <line num="68" count="1" type="stmt"/>
      <line num="71" count="2" type="stmt"/>
      <line num="99" count="0" type="cond" truecount="0" falsecount="2"/>
      <line num="129" count="1" type="stmt"/>
    </file>
    <file name="OrderMovie.tsx" path="C:\_Laboratoria\linnkki-Movie-Challenge-React\src\components\OrderMovie.tsx">
      <metrics statements="19" coveredstatements="15" conditionals="5" coveredconditionals="2" methods="4" coveredmethods="4"/>
      <line num="2" count="2" type="stmt"/>
      <line num="4" count="2" type="stmt"/>
      <line num="6" count="2" type="stmt"/>
      <line num="7" count="4" type="stmt"/>
      <line num="9" count="4" type="stmt"/>
      <line num="10" count="1" type="stmt"/>
      <line num="13" count="4" type="stmt"/>
      <line num="14" count="1" type="stmt"/>
      <line num="16" count="1" type="cond" truecount="0" falsecount="1"/>
      <line num="17" count="0" type="stmt"/>
      <line num="18" count="0" type="stmt"/>
      <line num="21" count="1" type="cond" truecount="2" falsecount="2"/>
      <line num="25" count="1" type="stmt"/>
      <line num="26" count="1" type="stmt"/>
      <line num="33" count="0" type="stmt"/>
      <line num="35" count="0" type="stmt"/>
      <line num="39" count="4" type="stmt"/>
      <line num="45" count="14" type="stmt"/>
      <line num="60" count="2" type="stmt"/>
    </file>
    <file name="SearchMovie.tsx" path="C:\_Laboratoria\linnkki-Movie-Challenge-React\src\components\SearchMovie.tsx">
      <metrics statements="23" coveredstatements="14" conditionals="2" coveredconditionals="0" methods="7" coveredmethods="3"/>
      <line num="4" count="2" type="stmt"/>
      <line num="7" count="2" type="stmt"/>
      <line num="8" count="3" type="stmt"/>
      <line num="9" count="3" type="stmt"/>
      <line num="11" count="3" type="stmt"/>
      <line num="12" count="2" type="stmt"/>
      <line num="13" count="2" type="stmt"/>
      <line num="14" count="2" type="stmt"/>
      <line num="15" count="2" type="stmt"/>
      <line num="17" count="0" type="cond" truecount="0" falsecount="2"/>
      <line num="18" count="0" type="stmt"/>
      <line num="19" count="0" type="stmt"/>
      <line num="21" count="0" type="stmt"/>
      <line num="24" count="2" type="stmt"/>
      <line num="28" count="2" type="stmt"/>
      <line num="31" count="3" type="stmt"/>
      <line num="32" count="0" type="stmt"/>
      <line num="35" count="0" type="stmt"/>
      <line num="39" count="0" type="stmt"/>
      <line num="42" count="3" type="stmt"/>
      <line num="44" count="0" type="stmt"/>
      <line num="49" count="0" type="stmt"/>
      <line num="61" count="2" type="stmt"/>
    </file>
  </project>
</coverage>
