{"C:\\_Laboratoria\\linkki-Movie-Challenge-React\\src\\components\\MovieGrid.tsx": {"path":"C:\\_Laboratoria\\linkki-Movie-Challenge-React\\src\\components\\MovieGrid.tsx","statementMap":{"0":{"start":{"line":3,"column":0},"end":{"line":3,"column":51}},"1":{"start":{"line":4,"column":0},"end":{"line":4,"column":51}},"2":{"start":{"line":5,"column":0},"end":{"line":5,"column":38}},"3":{"start":{"line":6,"column":0},"end":{"line":6,"column":40}},"4":{"start":{"line":7,"column":0},"end":{"line":7,"column":38}},"5":{"start":{"line":9,"column":0},"end":{"line":9,"column":40}},"6":{"start":{"line":11,"column":28},"end":{"line":127,"column":1}},"7":{"start":{"line":15,"column":30},"end":{"line":15,"column":51}},"8":{"start":{"line":16,"column":40},"end":{"line":16,"column":51}},"9":{"start":{"line":17,"column":38},"end":{"line":17,"column":49}},"10":{"start":{"line":18,"column":32},"end":{"line":18,"column":47}},"11":{"start":{"line":19,"column":44},"end":{"line":19,"column":64}},"12":{"start":{"line":20,"column":42},"end":{"line":20,"column":62}},"13":{"start":{"line":22,"column":20},"end":{"line":46,"column":3}},"14":{"start":{"line":23,"column":4},"end":{"line":45,"column":null}},"15":{"start":{"line":24,"column":6},"end":{"line":29,"column":8}},"16":{"start":{"line":30,"column":6},"end":{"line":30,"column":23}},"17":{"start":{"line":31,"column":39},"end":{"line":36,"column":8}},"18":{"start":{"line":38,"column":6},"end":{"line":38,"column":25}},"19":{"start":{"line":39,"column":6},"end":{"line":39,"column":33}},"20":{"start":{"line":41,"column":6},"end":{"line":41,"column":51}},"21":{"start":{"line":44,"column":6},"end":{"line":44,"column":24}},"22":{"start":{"line":48,"column":2},"end":{"line":50,"column":20}},"23":{"start":{"line":49,"column":4},"end":{"line":49,"column":27}},"24":{"start":{"line":53,"column":27},"end":{"line":55,"column":3}},"25":{"start":{"line":54,"column":4},"end":{"line":54,"column":25}},"26":{"start":{"line":57,"column":23},"end":{"line":62,"column":3}},"27":{"start":{"line":58,"column":4},"end":{"line":58,"column":22}},"28":{"start":{"line":59,"column":4},"end":{"line":59,"column":49}},"29":{"start":{"line":60,"column":4},"end":{"line":60,"column":79}},"30":{"start":{"line":61,"column":4},"end":{"line":61,"column":17}},"31":{"start":{"line":64,"column":2},"end":{"line":69,"column":49}},"32":{"start":{"line":65,"column":4},"end":{"line":67,"column":null}},"33":{"start":{"line":66,"column":6},"end":{"line":66,"column":90}},"34":{"start":{"line":68,"column":4},"end":{"line":68,"column":27}},"35":{"start":{"line":71,"column":2},"end":{"line":126,"column":4}},"36":{"start":{"line":99,"column":12},"end":{"line":109,"column":null}},"37":{"start":{"line":129,"column":0},"end":{"line":129,"column":25}}},"fnMap":{"0":{"name":"(anonymous_1)","decl":{"start":{"line":11,"column":28},"end":{"line":11,"column":31}},"loc":{"start":{"line":11,"column":33},"end":{"line":127,"column":1}}},"1":{"name":"(anonymous_2)","decl":{"start":{"line":22,"column":20},"end":{"line":22,"column":25}},"loc":{"start":{"line":22,"column":47},"end":{"line":46,"column":3}}},"2":{"name":"(anonymous_3)","decl":{"start":{"line":48,"column":12},"end":{"line":48,"column":15}},"loc":{"start":{"line":48,"column":17},"end":{"line":50,"column":3}}},"3":{"name":"(anonymous_4)","decl":{"start":{"line":53,"column":27},"end":{"line":53,"column":28}},"loc":{"start":{"line":53,"column":44},"end":{"line":55,"column":3}}},"4":{"name":"(anonymous_5)","decl":{"start":{"line":57,"column":23},"end":{"line":57,"column":28}},"loc":{"start":{"line":57,"column":60},"end":{"line":62,"column":3}}},"5":{"name":"(anonymous_6)","decl":{"start":{"line":64,"column":12},"end":{"line":64,"column":15}},"loc":{"start":{"line":64,"column":17},"end":{"line":69,"column":3}}},"6":{"name":"(anonymous_7)","decl":{"start":{"line":98,"column":10},"end":{"line":98,"column":11}},"loc":{"start":{"line":99,"column":12},"end":{"line":109,"column":null}}}},"branchMap":{"0":{"loc":{"start":{"line":22,"column":27},"end":{"line":22,"column":43}},"type":"default-arg","locations":[{"start":{"line":22,"column":42},"end":{"line":22,"column":43}}]},"1":{"loc":{"start":{"line":65,"column":4},"end":{"line":67,"column":null}},"type":"if","locations":[{"start":{"line":65,"column":4},"end":{"line":67,"column":null}}]},"2":{"loc":{"start":{"line":65,"column":8},"end":{"line":65,"column":37}},"type":"binary-expr","locations":[{"start":{"line":65,"column":8},"end":{"line":65,"column":21}},{"start":{"line":65,"column":25},"end":{"line":65,"column":37}}]},"3":{"loc":{"start":{"line":99,"column":12},"end":{"line":109,"column":null}},"type":"binary-expr","locations":[{"start":{"line":99,"column":12},"end":{"line":99,"column":29}},{"start":{"line":100,"column":14},"end":{"line":100,"column":null}}]},"4":{"loc":{"start":{"line":120,"column":7},"end":{"line":123,"column":null}},"type":"binary-expr","locations":[{"start":{"line":120,"column":7},"end":{"line":120,"column":14}},{"start":{"line":121,"column":8},"end":{"line":122,"column":null}}]}},"s":{"0":1,"1":1,"2":1,"3":1,"4":1,"5":1,"6":1,"7":2,"8":2,"9":2,"10":2,"11":2,"12":2,"13":2,"14":2,"15":2,"16":2,"17":2,"18":0,"19":0,"20":0,"21":0,"22":2,"23":1,"24":2,"25":0,"26":2,"27":0,"28":0,"29":0,"30":0,"31":2,"32":1,"33":0,"34":1,"35":2,"36":0,"37":1},"f":{"0":2,"1":2,"2":1,"3":0,"4":0,"5":1,"6":0},"b":{"0":[0],"1":[0],"2":[1,1],"3":[0,0],"4":[2,1]}}
,"C:\\_Laboratoria\\linkki-Movie-Challenge-React\\src\\components\\OrderMovie.tsx": {"path":"C:\\_Laboratoria\\linkki-Movie-Challenge-React\\src\\components\\OrderMovie.tsx","statementMap":{"0":{"start":{"line":2,"column":0},"end":{"line":2,"column":40}},"1":{"start":{"line":4,"column":0},"end":{"line":4,"column":51}},"2":{"start":{"line":6,"column":46},"end":{"line":62,"column":1}},"3":{"start":{"line":7,"column":36},"end":{"line":7,"column":66}},"4":{"start":{"line":11,"column":28},"end":{"line":13,"column":3}},"5":{"start":{"line":12,"column":4},"end":{"line":12,"column":33}},"6":{"start":{"line":15,"column":23},"end":{"line":41,"column":3}},"7":{"start":{"line":16,"column":4},"end":{"line":16,"column":23}},"8":{"start":{"line":18,"column":4},"end":{"line":22,"column":null}},"9":{"start":{"line":20,"column":6},"end":{"line":20,"column":48}},"10":{"start":{"line":21,"column":6},"end":{"line":21,"column":13}},"11":{"start":{"line":24,"column":32},"end":{"line":26,"column":27}},"12":{"start":{"line":28,"column":4},"end":{"line":40,"column":null}},"13":{"start":{"line":29,"column":6},"end":{"line":34,"column":9}},"14":{"start":{"line":36,"column":6},"end":{"line":36,"column":41}},"15":{"start":{"line":39,"column":6},"end":{"line":39,"column":52}},"16":{"start":{"line":43,"column":2},"end":{"line":61,"column":4}},"17":{"start":{"line":49,"column":10},"end":{"line":49,"column":31}},"18":{"start":{"line":64,"column":0},"end":{"line":64,"column":26}}},"fnMap":{"0":{"name":"(anonymous_0)","decl":{"start":{"line":6,"column":46},"end":{"line":6,"column":47}},"loc":{"start":{"line":6,"column":99},"end":{"line":62,"column":1}}},"1":{"name":"(anonymous_1)","decl":{"start":{"line":11,"column":28},"end":{"line":11,"column":29}},"loc":{"start":{"line":11,"column":72},"end":{"line":13,"column":3}}},"2":{"name":"(anonymous_2)","decl":{"start":{"line":15,"column":23},"end":{"line":15,"column":28}},"loc":{"start":{"line":15,"column":52},"end":{"line":41,"column":3}}},"3":{"name":"(anonymous_3)","decl":{"start":{"line":48,"column":29},"end":{"line":48,"column":30}},"loc":{"start":{"line":49,"column":10},"end":{"line":49,"column":31}}}},"branchMap":{"0":{"loc":{"start":{"line":18,"column":4},"end":{"line":22,"column":null}},"type":"if","locations":[{"start":{"line":18,"column":4},"end":{"line":22,"column":null}}]},"1":{"loc":{"start":{"line":24,"column":32},"end":{"line":26,"column":27}},"type":"cond-expr","locations":[{"start":{"line":25,"column":8},"end":{"line":25,"column":17}},{"start":{"line":26,"column":8},"end":{"line":26,"column":27}}]},"2":{"loc":{"start":{"line":24,"column":32},"end":{"line":24,"column":89}},"type":"binary-expr","locations":[{"start":{"line":24,"column":32},"end":{"line":24,"column":58}},{"start":{"line":24,"column":62},"end":{"line":24,"column":89}}]}},"s":{"0":2,"1":2,"2":2,"3":4,"4":4,"5":0,"6":4,"7":0,"8":0,"9":0,"10":0,"11":0,"12":0,"13":0,"14":0,"15":0,"16":4,"17":18,"18":2},"f":{"0":4,"1":0,"2":0,"3":18},"b":{"0":[0],"1":[0,0],"2":[0,0]}}
,"C:\\_Laboratoria\\linkki-Movie-Challenge-React\\src\\components\\Pagination.tsx": {"path":"C:\\_Laboratoria\\linkki-Movie-Challenge-React\\src\\components\\Pagination.tsx","statementMap":{"0":{"start":{"line":3,"column":46},"end":{"line":32,"column":1}},"1":{"start":{"line":4,"column":20},"end":{"line":4,"column":22}},"2":{"start":{"line":5,"column":20},"end":{"line":5,"column":72}},"3":{"start":{"line":6,"column":18},"end":{"line":6,"column":65}},"4":{"start":{"line":7,"column":16},"end":{"line":7,"column":88}},"5":{"start":{"line":7,"column":74},"end":{"line":7,"column":87}},"6":{"start":{"line":9,"column":2},"end":{"line":31,"column":4}},"7":{"start":{"line":13,"column":55},"end":{"line":13,"column":84}},"8":{"start":{"line":18,"column":10},"end":{"line":18,"column":25}},"9":{"start":{"line":19,"column":57},"end":{"line":19,"column":75}},"10":{"start":{"line":25,"column":55},"end":{"line":25,"column":84}},"11":{"start":{"line":34,"column":0},"end":{"line":34,"column":26}}},"fnMap":{"0":{"name":"(anonymous_0)","decl":{"start":{"line":3,"column":46},"end":{"line":3,"column":47}},"loc":{"start":{"line":3,"column":92},"end":{"line":32,"column":1}}},"1":{"name":"(anonymous_1)","decl":{"start":{"line":7,"column":64},"end":{"line":7,"column":65}},"loc":{"start":{"line":7,"column":74},"end":{"line":7,"column":87}}},"2":{"name":"(anonymous_2)","decl":{"start":{"line":13,"column":49},"end":{"line":13,"column":52}},"loc":{"start":{"line":13,"column":55},"end":{"line":13,"column":84}}},"3":{"name":"(anonymous_3)","decl":{"start":{"line":17,"column":19},"end":{"line":17,"column":20}},"loc":{"start":{"line":18,"column":10},"end":{"line":18,"column":25}}},"4":{"name":"(anonymous_4)","decl":{"start":{"line":19,"column":51},"end":{"line":19,"column":54}},"loc":{"start":{"line":19,"column":57},"end":{"line":19,"column":75}}},"5":{"name":"(anonymous_5)","decl":{"start":{"line":25,"column":49},"end":{"line":25,"column":52}},"loc":{"start":{"line":25,"column":55},"end":{"line":25,"column":84}}}},"branchMap":{"0":{"loc":{"start":{"line":12,"column":36},"end":{"line":12,"column":71}},"type":"cond-expr","locations":[{"start":{"line":12,"column":56},"end":{"line":12,"column":66}},{"start":{"line":12,"column":69},"end":{"line":12,"column":71}}]},"1":{"loc":{"start":{"line":18,"column":49},"end":{"line":18,"column":85}},"type":"cond-expr","locations":[{"start":{"line":18,"column":72},"end":{"line":18,"column":80}},{"start":{"line":18,"column":83},"end":{"line":18,"column":85}}]},"2":{"loc":{"start":{"line":24,"column":36},"end":{"line":24,"column":80}},"type":"cond-expr","locations":[{"start":{"line":24,"column":65},"end":{"line":24,"column":75}},{"start":{"line":24,"column":78},"end":{"line":24,"column":80}}]}},"s":{"0":1,"1":2,"2":2,"3":2,"4":2,"5":0,"6":2,"7":0,"8":0,"9":0,"10":0,"11":1},"f":{"0":2,"1":0,"2":0,"3":0,"4":0,"5":0},"b":{"0":[2,0],"1":[0,0],"2":[0,2]}}
,"C:\\_Laboratoria\\linkki-Movie-Challenge-React\\src\\components\\SearchMovie.tsx": {"path":"C:\\_Laboratoria\\linkki-Movie-Challenge-React\\src\\components\\SearchMovie.tsx","statementMap":{"0":{"start":{"line":4,"column":0},"end":{"line":4,"column":51}},"1":{"start":{"line":7,"column":48},"end":{"line":59,"column":1}},"2":{"start":{"line":8,"column":28},"end":{"line":8,"column":48}},"3":{"start":{"line":9,"column":30},"end":{"line":9,"column":51}},"4":{"start":{"line":11,"column":2},"end":{"line":29,"column":9}},"5":{"start":{"line":12,"column":24},"end":{"line":26,"column":5}},"6":{"start":{"line":13,"column":6},"end":{"line":25,"column":null}},"7":{"start":{"line":14,"column":23},"end":{"line":14,"column":57}},"8":{"start":{"line":15,"column":25},"end":{"line":15,"column":103}},"9":{"start":{"line":17,"column":8},"end":{"line":22,"column":null}},"10":{"start":{"line":18,"column":23},"end":{"line":18,"column":44}},"11":{"start":{"line":19,"column":10},"end":{"line":19,"column":33}},"12":{"start":{"line":21,"column":10},"end":{"line":21,"column":81}},"13":{"start":{"line":24,"column":8},"end":{"line":24,"column":64}},"14":{"start":{"line":28,"column":4},"end":{"line":28,"column":18}},"15":{"start":{"line":31,"column":23},"end":{"line":40,"column":3}},"16":{"start":{"line":32,"column":43},"end":{"line":38,"column":10}},"17":{"start":{"line":35,"column":12},"end":{"line":35,"column":57}},"18":{"start":{"line":39,"column":4},"end":{"line":39,"column":27}},"19":{"start":{"line":42,"column":2},"end":{"line":58,"column":4}},"20":{"start":{"line":44,"column":45},"end":{"line":44,"column":69}},"21":{"start":{"line":49,"column":10},"end":{"line":49,"column":39}},"22":{"start":{"line":61,"column":0},"end":{"line":61,"column":27}}},"fnMap":{"0":{"name":"(anonymous_0)","decl":{"start":{"line":7,"column":48},"end":{"line":7,"column":49}},"loc":{"start":{"line":7,"column":65},"end":{"line":59,"column":1}}},"1":{"name":"(anonymous_1)","decl":{"start":{"line":11,"column":12},"end":{"line":11,"column":15}},"loc":{"start":{"line":11,"column":17},"end":{"line":29,"column":3}}},"2":{"name":"(anonymous_2)","decl":{"start":{"line":12,"column":24},"end":{"line":12,"column":29}},"loc":{"start":{"line":12,"column":35},"end":{"line":26,"column":5}}},"3":{"name":"(anonymous_3)","decl":{"start":{"line":31,"column":23},"end":{"line":31,"column":26}},"loc":{"start":{"line":31,"column":28},"end":{"line":40,"column":3}}},"4":{"name":"(anonymous_4)","decl":{"start":{"line":34,"column":24},"end":{"line":34,"column":34}},"loc":{"start":{"line":34,"column":52},"end":{"line":36,"column":11}}},"5":{"name":"(anonymous_5)","decl":{"start":{"line":44,"column":38},"end":{"line":44,"column":39}},"loc":{"start":{"line":44,"column":45},"end":{"line":44,"column":69}}},"6":{"name":"(anonymous_6)","decl":{"start":{"line":48,"column":20},"end":{"line":48,"column":21}},"loc":{"start":{"line":49,"column":10},"end":{"line":49,"column":39}}}},"branchMap":{"0":{"loc":{"start":{"line":17,"column":8},"end":{"line":22,"column":null}},"type":"if","locations":[{"start":{"line":17,"column":8},"end":{"line":22,"column":null}},{"start":{"line":20,"column":15},"end":{"line":22,"column":null}}]}},"s":{"0":2,"1":2,"2":3,"3":3,"4":3,"5":2,"6":2,"7":2,"8":2,"9":0,"10":0,"11":0,"12":0,"13":2,"14":2,"15":3,"16":0,"17":0,"18":0,"19":3,"20":0,"21":0,"22":2},"f":{"0":3,"1":2,"2":2,"3":0,"4":0,"5":0,"6":0},"b":{"0":[0,0]}}
,"C:\\_Laboratoria\\linkki-Movie-Challenge-React\\src\\services\\dataBase.ts": {"path":"C:\\_Laboratoria\\linkki-Movie-Challenge-React\\src\\services\\dataBase.ts","statementMap":{"0":{"start":{"line":2,"column":0},"end":{"line":2,"column":26}},"1":{"start":{"line":5,"column":26},"end":{"line":5,"column":71}},"2":{"start":{"line":6,"column":25},"end":{"line":6,"column":59}},"3":{"start":{"line":9,"column":27},"end":{"line":53,"column":1}},"4":{"start":{"line":15,"column":2},"end":{"line":52,"column":null}},"5":{"start":{"line":16,"column":61},"end":{"line":16,"column":68}},"6":{"start":{"line":19,"column":14},"end":{"line":19,"column":210}},"7":{"start":{"line":21,"column":4},"end":{"line":23,"column":null}},"8":{"start":{"line":22,"column":6},"end":{"line":22,"column":40}},"9":{"start":{"line":25,"column":4},"end":{"line":27,"column":null}},"10":{"start":{"line":26,"column":6},"end":{"line":26,"column":37}},"11":{"start":{"line":30,"column":21},"end":{"line":30,"column":56}},"12":{"start":{"line":33,"column":31},"end":{"line":43,"column":7}},"13":{"start":{"line":33,"column":69},"end":{"line":43,"column":6}},"14":{"start":{"line":45,"column":4},"end":{"line":48,"column":6}},"15":{"start":{"line":50,"column":4},"end":{"line":50,"column":49}},"16":{"start":{"line":51,"column":4},"end":{"line":51,"column":16}},"17":{"start":{"line":9,"column":13},"end":{"line":9,"column":27}},"18":{"start":{"line":55,"column":27},"end":{"line":63,"column":1}},"19":{"start":{"line":56,"column":2},"end":{"line":62,"column":null}},"20":{"start":{"line":57,"column":21},"end":{"line":57,"column":113}},"21":{"start":{"line":58,"column":4},"end":{"line":58,"column":32}},"22":{"start":{"line":60,"column":4},"end":{"line":60,"column":51}},"23":{"start":{"line":61,"column":4},"end":{"line":61,"column":16}},"24":{"start":{"line":55,"column":13},"end":{"line":55,"column":27}}},"fnMap":{"0":{"name":"(anonymous_1)","decl":{"start":{"line":9,"column":27},"end":{"line":9,"column":32}},"loc":{"start":{"line":14,"column":5},"end":{"line":53,"column":1}}},"1":{"name":"(anonymous_2)","decl":{"start":{"line":33,"column":57},"end":{"line":33,"column":58}},"loc":{"start":{"line":33,"column":69},"end":{"line":43,"column":6}}},"2":{"name":"(anonymous_3)","decl":{"start":{"line":55,"column":27},"end":{"line":55,"column":32}},"loc":{"start":{"line":55,"column":38},"end":{"line":63,"column":1}}}},"branchMap":{"0":{"loc":{"start":{"line":21,"column":4},"end":{"line":23,"column":null}},"type":"if","locations":[{"start":{"line":21,"column":4},"end":{"line":23,"column":null}}]},"1":{"loc":{"start":{"line":25,"column":4},"end":{"line":27,"column":null}},"type":"if","locations":[{"start":{"line":25,"column":4},"end":{"line":27,"column":null}}]}},"s":{"0":2,"1":2,"2":2,"3":2,"4":2,"5":2,"6":2,"7":2,"8":0,"9":2,"10":0,"11":2,"12":0,"13":0,"14":0,"15":0,"16":0,"17":2,"18":2,"19":0,"20":0,"21":0,"22":0,"23":0,"24":2},"f":{"0":2,"1":0,"2":0},"b":{"0":[0],"1":[0]}}
}
