{"C:\\_Laboratoria\\linnkki-Movie-Challenge-React\\src\\components\\MovieDetails.tsx": {"path":"C:\\_Laboratoria\\linnkki-Movie-Challenge-React\\src\\components\\MovieDetails.tsx","statementMap":{"0":{"start":{"line":3,"column":0},"end":{"line":3,"column":51}},"1":{"start":{"line":4,"column":0},"end":{"line":4,"column":42}},"2":{"start":{"line":5,"column":0},"end":{"line":5,"column":45}},"3":{"start":{"line":8,"column":31},"end":{"line":75,"column":1}},"4":{"start":{"line":9,"column":23},"end":{"line":9,"column":56}},"5":{"start":{"line":10,"column":42},"end":{"line":10,"column":81}},"6":{"start":{"line":12,"column":2},"end":{"line":54,"column":17}},"7":{"start":{"line":13,"column":30},"end":{"line":50,"column":5}},"8":{"start":{"line":14,"column":6},"end":{"line":49,"column":null}},"9":{"start":{"line":16,"column":8},"end":{"line":19,"column":null}},"10":{"start":{"line":18,"column":10},"end":{"line":18,"column":17}},"11":{"start":{"line":21,"column":25},"end":{"line":21,"column":146}},"12":{"start":{"line":23,"column":8},"end":{"line":46,"column":null}},"13":{"start":{"line":24,"column":10},"end":{"line":24,"column":43}},"14":{"start":{"line":27,"column":35},"end":{"line":27,"column":48}},"15":{"start":{"line":30,"column":103},"end":{"line":30,"column":119}},"16":{"start":{"line":32,"column":42},"end":{"line":42,"column":12}},"17":{"start":{"line":45,"column":10},"end":{"line":45,"column":51}},"18":{"start":{"line":48,"column":8},"end":{"line":48,"column":87}},"19":{"start":{"line":53,"column":4},"end":{"line":53,"column":24}},"20":{"start":{"line":56,"column":2},"end":{"line":58,"column":null}},"21":{"start":{"line":57,"column":4},"end":{"line":57,"column":33}},"22":{"start":{"line":60,"column":2},"end":{"line":62,"column":null}},"23":{"start":{"line":61,"column":4},"end":{"line":61,"column":38}},"24":{"start":{"line":64,"column":2},"end":{"line":74,"column":4}},"25":{"start":{"line":69,"column":56},"end":{"line":69,"column":66}},"26":{"start":{"line":77,"column":0},"end":{"line":77,"column":28}}},"fnMap":{"0":{"name":"(anonymous_1)","decl":{"start":{"line":8,"column":31},"end":{"line":8,"column":34}},"loc":{"start":{"line":8,"column":36},"end":{"line":75,"column":1}}},"1":{"name":"(anonymous_2)","decl":{"start":{"line":12,"column":12},"end":{"line":12,"column":15}},"loc":{"start":{"line":12,"column":17},"end":{"line":54,"column":3}}},"2":{"name":"(anonymous_3)","decl":{"start":{"line":13,"column":30},"end":{"line":13,"column":35}},"loc":{"start":{"line":13,"column":41},"end":{"line":50,"column":5}}},"3":{"name":"(anonymous_4)","decl":{"start":{"line":69,"column":45},"end":{"line":69,"column":46}},"loc":{"start":{"line":69,"column":56},"end":{"line":69,"column":66}}}},"branchMap":{"0":{"loc":{"start":{"line":16,"column":8},"end":{"line":19,"column":null}},"type":"if","locations":[{"start":{"line":16,"column":8},"end":{"line":19,"column":null}}]},"1":{"loc":{"start":{"line":16,"column":12},"end":{"line":16,"column":47}},"type":"binary-expr","locations":[{"start":{"line":16,"column":12},"end":{"line":16,"column":21}},{"start":{"line":16,"column":25},"end":{"line":16,"column":47}}]},"2":{"loc":{"start":{"line":23,"column":8},"end":{"line":46,"column":null}},"type":"if","locations":[{"start":{"line":23,"column":8},"end":{"line":46,"column":null}},{"start":{"line":26,"column":15},"end":{"line":46,"column":null}}]},"3":{"loc":{"start":{"line":56,"column":2},"end":{"line":58,"column":null}},"type":"if","locations":[{"start":{"line":56,"column":2},"end":{"line":58,"column":null}}]},"4":{"loc":{"start":{"line":60,"column":2},"end":{"line":62,"column":null}},"type":"if","locations":[{"start":{"line":60,"column":2},"end":{"line":62,"column":null}}]}},"s":{"0":1,"1":1,"2":1,"3":1,"4":1,"5":1,"6":1,"7":1,"8":1,"9":1,"10":1,"11":0,"12":0,"13":0,"14":0,"15":0,"16":0,"17":0,"18":0,"19":1,"20":1,"21":1,"22":0,"23":0,"24":0,"25":0,"26":1},"f":{"0":1,"1":1,"2":1,"3":0},"b":{"0":[1],"1":[1,0],"2":[0,0],"3":[1],"4":[0]}}
,"C:\\_Laboratoria\\linnkki-Movie-Challenge-React\\src\\components\\MovieGrid.tsx": {"path":"C:\\_Laboratoria\\linnkki-Movie-Challenge-React\\src\\components\\MovieGrid.tsx","statementMap":{"0":{"start":{"line":3,"column":0},"end":{"line":3,"column":51}},"1":{"start":{"line":4,"column":0},"end":{"line":4,"column":41}},"2":{"start":{"line":5,"column":0},"end":{"line":5,"column":38}},"3":{"start":{"line":6,"column":0},"end":{"line":6,"column":40}},"4":{"start":{"line":7,"column":0},"end":{"line":7,"column":38}},"5":{"start":{"line":9,"column":0},"end":{"line":9,"column":40}},"6":{"start":{"line":11,"column":28},"end":{"line":122,"column":1}},"7":{"start":{"line":12,"column":30},"end":{"line":12,"column":51}},"8":{"start":{"line":13,"column":40},"end":{"line":13,"column":51}},"9":{"start":{"line":14,"column":38},"end":{"line":14,"column":49}},"10":{"start":{"line":15,"column":32},"end":{"line":15,"column":47}},"11":{"start":{"line":16,"column":44},"end":{"line":16,"column":64}},"12":{"start":{"line":17,"column":42},"end":{"line":17,"column":62}},"13":{"start":{"line":19,"column":20},"end":{"line":42,"column":3}},"14":{"start":{"line":20,"column":4},"end":{"line":41,"column":null}},"15":{"start":{"line":21,"column":6},"end":{"line":26,"column":8}},"16":{"start":{"line":27,"column":6},"end":{"line":27,"column":23}},"17":{"start":{"line":28,"column":39},"end":{"line":33,"column":8}},"18":{"start":{"line":34,"column":6},"end":{"line":34,"column":25}},"19":{"start":{"line":35,"column":6},"end":{"line":35,"column":33}},"20":{"start":{"line":37,"column":6},"end":{"line":37,"column":51}},"21":{"start":{"line":40,"column":6},"end":{"line":40,"column":24}},"22":{"start":{"line":44,"column":2},"end":{"line":46,"column":49}},"23":{"start":{"line":45,"column":4},"end":{"line":45,"column":27}},"24":{"start":{"line":48,"column":27},"end":{"line":50,"column":3}},"25":{"start":{"line":49,"column":4},"end":{"line":49,"column":25}},"26":{"start":{"line":52,"column":23},"end":{"line":57,"column":3}},"27":{"start":{"line":53,"column":4},"end":{"line":53,"column":22}},"28":{"start":{"line":54,"column":4},"end":{"line":54,"column":49}},"29":{"start":{"line":55,"column":4},"end":{"line":55,"column":79}},"30":{"start":{"line":56,"column":4},"end":{"line":56,"column":17}},"31":{"start":{"line":59,"column":2},"end":{"line":64,"column":49}},"32":{"start":{"line":60,"column":4},"end":{"line":62,"column":null}},"33":{"start":{"line":61,"column":6},"end":{"line":61,"column":90}},"34":{"start":{"line":63,"column":4},"end":{"line":63,"column":27}},"35":{"start":{"line":66,"column":2},"end":{"line":121,"column":4}},"36":{"start":{"line":94,"column":12},"end":{"line":104,"column":null}},"37":{"start":{"line":124,"column":0},"end":{"line":124,"column":25}}},"fnMap":{"0":{"name":"(anonymous_1)","decl":{"start":{"line":11,"column":28},"end":{"line":11,"column":31}},"loc":{"start":{"line":11,"column":33},"end":{"line":122,"column":1}}},"1":{"name":"(anonymous_2)","decl":{"start":{"line":19,"column":20},"end":{"line":19,"column":25}},"loc":{"start":{"line":19,"column":47},"end":{"line":42,"column":3}}},"2":{"name":"(anonymous_3)","decl":{"start":{"line":44,"column":12},"end":{"line":44,"column":15}},"loc":{"start":{"line":44,"column":17},"end":{"line":46,"column":3}}},"3":{"name":"(anonymous_4)","decl":{"start":{"line":48,"column":27},"end":{"line":48,"column":28}},"loc":{"start":{"line":48,"column":44},"end":{"line":50,"column":3}}},"4":{"name":"(anonymous_5)","decl":{"start":{"line":52,"column":23},"end":{"line":52,"column":28}},"loc":{"start":{"line":52,"column":60},"end":{"line":57,"column":3}}},"5":{"name":"(anonymous_6)","decl":{"start":{"line":59,"column":12},"end":{"line":59,"column":15}},"loc":{"start":{"line":59,"column":17},"end":{"line":64,"column":3}}},"6":{"name":"(anonymous_7)","decl":{"start":{"line":93,"column":10},"end":{"line":93,"column":11}},"loc":{"start":{"line":94,"column":12},"end":{"line":104,"column":null}}}},"branchMap":{"0":{"loc":{"start":{"line":19,"column":27},"end":{"line":19,"column":43}},"type":"default-arg","locations":[{"start":{"line":19,"column":42},"end":{"line":19,"column":43}}]},"1":{"loc":{"start":{"line":60,"column":4},"end":{"line":62,"column":null}},"type":"if","locations":[{"start":{"line":60,"column":4},"end":{"line":62,"column":null}}]},"2":{"loc":{"start":{"line":60,"column":8},"end":{"line":60,"column":37}},"type":"binary-expr","locations":[{"start":{"line":60,"column":8},"end":{"line":60,"column":21}},{"start":{"line":60,"column":25},"end":{"line":60,"column":37}}]},"3":{"loc":{"start":{"line":94,"column":12},"end":{"line":104,"column":null}},"type":"binary-expr","locations":[{"start":{"line":94,"column":12},"end":{"line":94,"column":29}},{"start":{"line":95,"column":14},"end":{"line":95,"column":null}}]},"4":{"loc":{"start":{"line":115,"column":7},"end":{"line":118,"column":null}},"type":"binary-expr","locations":[{"start":{"line":115,"column":7},"end":{"line":115,"column":14}},{"start":{"line":116,"column":8},"end":{"line":117,"column":null}}]}},"s":{"0":1,"1":1,"2":1,"3":1,"4":1,"5":1,"6":1,"7":2,"8":2,"9":2,"10":2,"11":2,"12":2,"13":2,"14":2,"15":2,"16":2,"17":2,"18":0,"19":0,"20":0,"21":0,"22":2,"23":1,"24":2,"25":0,"26":2,"27":0,"28":0,"29":0,"30":0,"31":2,"32":1,"33":0,"34":1,"35":2,"36":0,"37":1},"f":{"0":2,"1":2,"2":1,"3":0,"4":0,"5":1,"6":0},"b":{"0":[0],"1":[0],"2":[1,1],"3":[0,0],"4":[2,1]}}
}
