TN:
SF:src\components\MovieDetails.tsx
FN:9,(anonymous_1)
FN:51,(anonymous_2)
FN:55,(anonymous_3)
FN:72,(anonymous_4)
FNF:4
FNH:2
FNDA:0,(anonymous_1)
FNDA:1,(anonymous_2)
FNDA:1,(anonymous_3)
FNDA:0,(anonymous_4)
DA:2,1
DA:3,1
DA:4,1
DA:9,1
DA:13,0
DA:14,0
DA:15,0
DA:17,0
DA:18,0
DA:21,0
DA:24,0
DA:26,0
DA:39,0
DA:43,0
DA:46,0
DA:51,1
DA:52,1
DA:53,1
DA:55,1
DA:56,1
DA:58,0
DA:63,1
DA:64,1
DA:67,0
DA:72,0
DA:80,1
LF:26
LH:12
BRDA:14,0,0,0
BRDA:14,0,1,0
BRDA:17,1,0,0
BRDA:17,1,1,0
BRDA:56,2,0,0
BRDA:63,3,0,1
BRF:6
BRH:1
end_of_record
TN:
SF:src\components\dataBase.tsx
FN:9,(anonymous_1)
FN:33,(anonymous_2)
FN:55,(anonymous_3)
FNF:3
FNH:1
FNDA:3,(anonymous_1)
FNDA:0,(anonymous_2)
FNDA:0,(anonymous_3)
DA:2,2
DA:5,2
DA:6,2
DA:9,2
DA:15,3
DA:16,3
DA:19,3
DA:21,3
DA:22,0
DA:25,3
DA:26,1
DA:30,3
DA:33,0
DA:45,0
DA:50,0
DA:51,0
DA:55,2
DA:56,0
DA:57,0
DA:58,0
DA:60,0
DA:61,0
LF:22
LH:12
BRDA:21,0,0,0
BRDA:25,1,0,1
BRF:2
BRH:1
end_of_record
