TN:
SF:src\components\MovieGrid.tsx
FN:11,(anonymous_1)
FN:19,(anonymous_2)
FN:44,(anonymous_3)
FN:48,(anonymous_4)
FN:52,(anonymous_5)
FN:59,(anonymous_6)
FN:98,(anonymous_7)
FNF:7
FNH:4
FNDA:2,(anonymous_1)
FNDA:2,(anonymous_2)
FNDA:1,(anonymous_3)
FNDA:0,(anonymous_4)
FNDA:0,(anonymous_5)
FNDA:1,(anonymous_6)
FNDA:0,(anonymous_7)
DA:3,1
DA:4,1
DA:5,1
DA:6,1
DA:7,1
DA:9,1
DA:11,1
DA:12,2
DA:13,2
DA:14,2
DA:15,2
DA:16,2
DA:17,2
DA:19,2
DA:20,2
DA:21,2
DA:27,2
DA:28,2
DA:34,0
DA:35,0
DA:37,0
DA:40,0
DA:44,2
DA:45,1
DA:48,2
DA:49,0
DA:52,2
DA:53,0
DA:54,0
DA:55,0
DA:56,0
DA:59,2
DA:60,1
DA:61,0
DA:68,1
DA:71,2
DA:99,0
DA:129,1
LF:38
LH:27
BRDA:19,0,0,0
BRDA:60,1,0,0
BRDA:60,2,0,1
BRDA:60,2,1,1
BRDA:99,3,0,0
BRDA:99,3,1,0
BRDA:120,4,0,2
BRDA:120,4,1,1
BRF:8
BRH:4
end_of_record
TN:
SF:src\components\OrderMovie.tsx
FN:6,(anonymous_0)
FN:9,(anonymous_1)
FN:13,(anonymous_2)
FN:44,(anonymous_3)
FNF:4
FNH:4
FNDA:4,(anonymous_0)
FNDA:1,(anonymous_1)
FNDA:1,(anonymous_2)
FNDA:14,(anonymous_3)
DA:2,2
DA:4,2
DA:6,2
DA:7,4
DA:9,4
DA:10,1
DA:13,4
DA:14,1
DA:16,1
DA:17,0
DA:18,0
DA:21,1
DA:25,1
DA:26,1
DA:33,0
DA:35,0
DA:39,4
DA:45,14
DA:60,2
LF:19
LH:15
BRDA:16,0,0,0
BRDA:21,1,0,1
BRDA:21,1,1,0
BRDA:21,2,0,1
BRDA:21,2,1,0
BRF:5
BRH:2
end_of_record
TN:
SF:src\components\SearchMovie.tsx
FN:7,(anonymous_0)
FN:11,(anonymous_1)
FN:12,(anonymous_2)
FN:31,(anonymous_3)
FN:34,(anonymous_4)
FN:44,(anonymous_5)
FN:48,(anonymous_6)
FNF:7
FNH:3
FNDA:3,(anonymous_0)
FNDA:2,(anonymous_1)
FNDA:2,(anonymous_2)
FNDA:0,(anonymous_3)
FNDA:0,(anonymous_4)
FNDA:0,(anonymous_5)
FNDA:0,(anonymous_6)
DA:4,2
DA:7,2
DA:8,3
DA:9,3
DA:11,3
DA:12,2
DA:13,2
DA:14,2
DA:15,2
DA:17,0
DA:18,0
DA:19,0
DA:21,0
DA:24,2
DA:28,2
DA:31,3
DA:32,0
DA:35,0
DA:39,0
DA:42,3
DA:44,0
DA:49,0
DA:61,2
LF:23
LH:14
BRDA:17,0,0,0
BRDA:17,0,1,0
BRF:2
BRH:0
end_of_record
